<?xml version="1.0" encoding="UTF-8"?>
<testsuite xmlns:xsi="http://www.w3.org/2001/XMLSchema-instance" xsi:noNamespaceSchemaLocation="https://maven.apache.org/surefire/maven-surefire-plugin/xsd/surefire-test-report.xsd" name="com.pdefence.ProjectDefenceApplicationTests" time="12.544" tests="1" errors="0" skipped="0" failures="0">
  <properties>
    <property name="java.specification.version" value="15"/>
    <property name="sun.cpu.isalist" value="amd64"/>
    <property name="sun.jnu.encoding" value="Cp1252"/>
    <property name="java.class.path" value="C:\Users\Tsvetan\Documents\GitHub\ProjectDefence\target\test-classes;C:\Users\Tsvetan\Documents\GitHub\ProjectDefence\target\classes;C:\Users\Tsvetan\.m2\repository\org\springframework\boot\spring-boot-starter\2.5.3\spring-boot-starter-2.5.3.jar;C:\Users\Tsvetan\.m2\repository\org\springframework\boot\spring-boot\2.5.3\spring-boot-2.5.3.jar;C:\Users\Tsvetan\.m2\repository\org\springframework\spring-context\5.3.9\spring-context-5.3.9.jar;C:\Users\Tsvetan\.m2\repository\org\springframework\boot\spring-boot-autoconfigure\2.5.3\spring-boot-autoconfigure-2.5.3.jar;C:\Users\Tsvetan\.m2\repository\org\springframework\boot\spring-boot-starter-logging\2.5.3\spring-boot-starter-logging-2.5.3.jar;C:\Users\Tsvetan\.m2\repository\ch\qos\logback\logback-classic\1.2.4\logback-classic-1.2.4.jar;C:\Users\Tsvetan\.m2\repository\ch\qos\logback\logback-core\1.2.4\logback-core-1.2.4.jar;C:\Users\Tsvetan\.m2\repository\org\apache\logging\log4j\log4j-to-slf4j\2.14.1\log4j-to-slf4j-2.14.1.jar;C:\Users\Tsvetan\.m2\repository\org\apache\logging\log4j\log4j-api\2.14.1\log4j-api-2.14.1.jar;C:\Users\Tsvetan\.m2\repository\org\slf4j\jul-to-slf4j\1.7.32\jul-to-slf4j-1.7.32.jar;C:\Users\Tsvetan\.m2\repository\jakarta\annotation\jakarta.annotation-api\1.3.5\jakarta.annotation-api-1.3.5.jar;C:\Users\Tsvetan\.m2\repository\org\springframework\spring-core\5.3.9\spring-core-5.3.9.jar;C:\Users\Tsvetan\.m2\repository\org\springframework\spring-jcl\5.3.9\spring-jcl-5.3.9.jar;C:\Users\Tsvetan\.m2\repository\org\yaml\snakeyaml\1.28\snakeyaml-1.28.jar;C:\Users\Tsvetan\.m2\repository\org\springframework\boot\spring-boot-starter-web\2.5.3\spring-boot-starter-web-2.5.3.jar;C:\Users\Tsvetan\.m2\repository\org\springframework\boot\spring-boot-starter-json\2.5.3\spring-boot-starter-json-2.5.3.jar;C:\Users\Tsvetan\.m2\repository\com\fasterxml\jackson\core\jackson-databind\2.12.4\jackson-databind-2.12.4.jar;C:\Users\Tsvetan\.m2\repository\com\fasterxml\jackson\core\jackson-annotations\2.12.4\jackson-annotations-2.12.4.jar;C:\Users\Tsvetan\.m2\repository\com\fasterxml\jackson\core\jackson-core\2.12.4\jackson-core-2.12.4.jar;C:\Users\Tsvetan\.m2\repository\com\fasterxml\jackson\datatype\jackson-datatype-jdk8\2.12.4\jackson-datatype-jdk8-2.12.4.jar;C:\Users\Tsvetan\.m2\repository\com\fasterxml\jackson\datatype\jackson-datatype-jsr310\2.12.4\jackson-datatype-jsr310-2.12.4.jar;C:\Users\Tsvetan\.m2\repository\com\fasterxml\jackson\module\jackson-module-parameter-names\2.12.4\jackson-module-parameter-names-2.12.4.jar;C:\Users\Tsvetan\.m2\repository\org\springframework\boot\spring-boot-starter-tomcat\2.5.3\spring-boot-starter-tomcat-2.5.3.jar;C:\Users\Tsvetan\.m2\repository\org\apache\tomcat\embed\tomcat-embed-core\9.0.50\tomcat-embed-core-9.0.50.jar;C:\Users\Tsvetan\.m2\repository\org\apache\tomcat\embed\tomcat-embed-el\9.0.50\tomcat-embed-el-9.0.50.jar;C:\Users\Tsvetan\.m2\repository\org\apache\tomcat\embed\tomcat-embed-websocket\9.0.50\tomcat-embed-websocket-9.0.50.jar;C:\Users\Tsvetan\.m2\repository\org\springframework\spring-web\5.3.9\spring-web-5.3.9.jar;C:\Users\Tsvetan\.m2\repository\org\springframework\spring-beans\5.3.9\spring-beans-5.3.9.jar;C:\Users\Tsvetan\.m2\repository\org\springframework\spring-webmvc\5.3.9\spring-webmvc-5.3.9.jar;C:\Users\Tsvetan\.m2\repository\org\springframework\spring-aop\5.3.9\spring-aop-5.3.9.jar;C:\Users\Tsvetan\.m2\repository\org\springframework\spring-expression\5.3.9\spring-expression-5.3.9.jar;C:\Users\Tsvetan\.m2\repository\org\springframework\boot\spring-boot-starter-test\2.5.3\spring-boot-starter-test-2.5.3.jar;C:\Users\Tsvetan\.m2\repository\org\springframework\boot\spring-boot-test\2.5.3\spring-boot-test-2.5.3.jar;C:\Users\Tsvetan\.m2\repository\org\springframework\boot\spring-boot-test-autoconfigure\2.5.3\spring-boot-test-autoconfigure-2.5.3.jar;C:\Users\Tsvetan\.m2\repository\com\jayway\jsonpath\json-path\2.5.0\json-path-2.5.0.jar;C:\Users\Tsvetan\.m2\repository\net\minidev\json-smart\2.4.7\json-smart-2.4.7.jar;C:\Users\Tsvetan\.m2\repository\net\minidev\accessors-smart\2.4.7\accessors-smart-2.4.7.jar;C:\Users\Tsvetan\.m2\repository\org\ow2\asm\asm\9.1\asm-9.1.jar;C:\Users\Tsvetan\.m2\repository\jakarta\xml\bind\jakarta.xml.bind-api\2.3.3\jakarta.xml.bind-api-2.3.3.jar;C:\Users\Tsvetan\.m2\repository\jakarta\activation\jakarta.activation-api\1.2.2\jakarta.activation-api-1.2.2.jar;C:\Users\Tsvetan\.m2\repository\org\assertj\assertj-core\3.19.0\assertj-core-3.19.0.jar;C:\Users\Tsvetan\.m2\repository\org\hamcrest\hamcrest\2.2\hamcrest-2.2.jar;C:\Users\Tsvetan\.m2\repository\org\junit\jupiter\junit-jupiter\5.7.2\junit-jupiter-5.7.2.jar;C:\Users\Tsvetan\.m2\repository\org\junit\jupiter\junit-jupiter-api\5.7.2\junit-jupiter-api-5.7.2.jar;C:\Users\Tsvetan\.m2\repository\org\apiguardian\apiguardian-api\1.1.0\apiguardian-api-1.1.0.jar;C:\Users\Tsvetan\.m2\repository\org\opentest4j\opentest4j\1.2.0\opentest4j-1.2.0.jar;C:\Users\Tsvetan\.m2\repository\org\junit\platform\junit-platform-commons\1.7.2\junit-platform-commons-1.7.2.jar;C:\Users\Tsvetan\.m2\repository\org\junit\jupiter\junit-jupiter-params\5.7.2\junit-jupiter-params-5.7.2.jar;C:\Users\Tsvetan\.m2\repository\org\junit\jupiter\junit-jupiter-engine\5.7.2\junit-jupiter-engine-5.7.2.jar;C:\Users\Tsvetan\.m2\repository\org\junit\platform\junit-platform-engine\1.7.2\junit-platform-engine-1.7.2.jar;C:\Users\Tsvetan\.m2\repository\org\mockito\mockito-core\3.9.0\mockito-core-3.9.0.jar;C:\Users\Tsvetan\.m2\repository\net\bytebuddy\byte-buddy\1.10.22\byte-buddy-1.10.22.jar;C:\Users\Tsvetan\.m2\repository\net\bytebuddy\byte-buddy-agent\1.10.22\byte-buddy-agent-1.10.22.jar;C:\Users\Tsvetan\.m2\repository\org\objenesis\objenesis\3.2\objenesis-3.2.jar;C:\Users\Tsvetan\.m2\repository\org\mockito\mockito-junit-jupiter\3.9.0\mockito-junit-jupiter-3.9.0.jar;C:\Users\Tsvetan\.m2\repository\org\skyscreamer\jsonassert\1.5.0\jsonassert-1.5.0.jar;C:\Users\Tsvetan\.m2\repository\com\vaadin\external\google\android-json\0.0.20131108.vaadin1\android-json-0.0.20131108.vaadin1.jar;C:\Users\Tsvetan\.m2\repository\org\springframework\spring-test\5.3.9\spring-test-5.3.9.jar;C:\Users\Tsvetan\.m2\repository\org\xmlunit\xmlunit-core\2.8.2\xmlunit-core-2.8.2.jar;C:\Users\Tsvetan\.m2\repository\javax\persistence\javax.persistence-api\2.2\javax.persistence-api-2.2.jar;C:\Users\Tsvetan\.m2\repository\com\azure\azure-storage-file-share\12.8.0\azure-storage-file-share-12.8.0.jar;C:\Users\Tsvetan\.m2\repository\com\azure\azure-storage-common\12.10.0\azure-storage-common-12.10.0.jar;C:\Users\Tsvetan\.m2\repository\com\azure\azure-core\1.12.0\azure-core-1.12.0.jar;C:\Users\Tsvetan\.m2\repository\com\fasterxml\jackson\dataformat\jackson-dataformat-xml\2.12.4\jackson-dataformat-xml-2.12.4.jar;C:\Users\Tsvetan\.m2\repository\com\fasterxml\jackson\module\jackson-module-jaxb-annotations\2.12.4\jackson-module-jaxb-annotations-2.12.4.jar;C:\Users\Tsvetan\.m2\repository\org\codehaus\woodstox\stax2-api\4.2.1\stax2-api-4.2.1.jar;C:\Users\Tsvetan\.m2\repository\com\fasterxml\woodstox\woodstox-core\6.2.4\woodstox-core-6.2.4.jar;C:\Users\Tsvetan\.m2\repository\io\netty\netty-tcnative-boringssl-static\2.0.40.Final\netty-tcnative-boringssl-static-2.0.40.Final.jar;C:\Users\Tsvetan\.m2\repository\com\azure\azure-core-http-netty\1.7.1\azure-core-http-netty-1.7.1.jar;C:\Users\Tsvetan\.m2\repository\io\netty\netty-handler-proxy\4.1.66.Final\netty-handler-proxy-4.1.66.Final.jar;C:\Users\Tsvetan\.m2\repository\io\netty\netty-codec-socks\4.1.66.Final\netty-codec-socks-4.1.66.Final.jar;C:\Users\Tsvetan\.m2\repository\io\netty\netty-codec-http2\4.1.66.Final\netty-codec-http2-4.1.66.Final.jar;C:\Users\Tsvetan\.m2\repository\io\netty\netty-transport-native-unix-common\4.1.66.Final\netty-transport-native-unix-common-4.1.66.Final.jar;C:\Users\Tsvetan\.m2\repository\io\netty\netty-transport-native-epoll\4.1.66.Final\netty-transport-native-epoll-4.1.66.Final-linux-x86_64.jar;C:\Users\Tsvetan\.m2\repository\io\netty\netty-transport-native-kqueue\4.1.66.Final\netty-transport-native-kqueue-4.1.66.Final-osx-x86_64.jar;C:\Users\Tsvetan\.m2\repository\io\projectreactor\netty\reactor-netty\1.0.9\reactor-netty-1.0.9.jar;C:\Users\Tsvetan\.m2\repository\io\projectreactor\netty\reactor-netty-core\1.0.9\reactor-netty-core-1.0.9.jar;C:\Users\Tsvetan\.m2\repository\io\netty\netty-resolver-dns\4.1.66.Final\netty-resolver-dns-4.1.66.Final.jar;C:\Users\Tsvetan\.m2\repository\io\netty\netty-codec-dns\4.1.66.Final\netty-codec-dns-4.1.66.Final.jar;C:\Users\Tsvetan\.m2\repository\io\netty\netty-resolver-dns-native-macos\4.1.66.Final\netty-resolver-dns-native-macos-4.1.66.Final-osx-x86_64.jar;C:\Users\Tsvetan\.m2\repository\io\projectreactor\netty\reactor-netty-http\1.0.9\reactor-netty-http-1.0.9.jar;C:\Users\Tsvetan\.m2\repository\io\projectreactor\netty\reactor-netty-http-brave\1.0.9\reactor-netty-http-brave-1.0.9.jar;C:\Users\Tsvetan\.m2\repository\io\zipkin\brave\brave-instrumentation-http\5.13.3\brave-instrumentation-http-5.13.3.jar;C:\Users\Tsvetan\.m2\repository\io\zipkin\brave\brave\5.13.3\brave-5.13.3.jar;C:\Users\Tsvetan\.m2\repository\io\zipkin\reporter2\zipkin-reporter-brave\2.16.3\zipkin-reporter-brave-2.16.3.jar;C:\Users\Tsvetan\.m2\repository\io\zipkin\reporter2\zipkin-reporter\2.16.3\zipkin-reporter-2.16.3.jar;C:\Users\Tsvetan\.m2\repository\io\zipkin\zipkin2\zipkin\2.23.2\zipkin-2.23.2.jar;C:\Users\Tsvetan\.m2\repository\io\projectreactor\reactor-core\3.3.14.RELEASE\reactor-core-3.3.14.RELEASE.jar;C:\Users\Tsvetan\.m2\repository\org\reactivestreams\reactive-streams\1.0.3\reactive-streams-1.0.3.jar;C:\Users\Tsvetan\.m2\repository\com\google\firebase\firebase-admin\6.11.0\firebase-admin-6.11.0.jar;C:\Users\Tsvetan\.m2\repository\com\google\api-client\google-api-client\1.30.1\google-api-client-1.30.1.jar;C:\Users\Tsvetan\.m2\repository\com\google\oauth-client\google-oauth-client\1.30.1\google-oauth-client-1.30.1.jar;C:\Users\Tsvetan\.m2\repository\com\google\http-client\google-http-client-jackson2\1.30.1\google-http-client-jackson2-1.30.1.jar;C:\Users\Tsvetan\.m2\repository\com\google\api-client\google-api-client-gson\1.30.1\google-api-client-gson-1.30.1.jar;C:\Users\Tsvetan\.m2\repository\com\google\http-client\google-http-client-gson\1.30.1\google-http-client-gson-1.30.1.jar;C:\Users\Tsvetan\.m2\repository\com\google\code\gson\gson\2.8.7\gson-2.8.7.jar;C:\Users\Tsvetan\.m2\repository\com\google\http-client\google-http-client\1.30.1\google-http-client-1.30.1.jar;C:\Users\Tsvetan\.m2\repository\org\apache\httpcomponents\httpclient\4.5.13\httpclient-4.5.13.jar;C:\Users\Tsvetan\.m2\repository\org\apache\httpcomponents\httpcore\4.4.14\httpcore-4.4.14.jar;C:\Users\Tsvetan\.m2\repository\commons-codec\commons-codec\1.15\commons-codec-1.15.jar;C:\Users\Tsvetan\.m2\repository\com\google\code\findbugs\jsr305\3.0.2\jsr305-3.0.2.jar;C:\Users\Tsvetan\.m2\repository\com\google\j2objc\j2objc-annotations\1.3\j2objc-annotations-1.3.jar;C:\Users\Tsvetan\.m2\repository\io\opencensus\opencensus-api\0.21.0\opencensus-api-0.21.0.jar;C:\Users\Tsvetan\.m2\repository\io\grpc\grpc-context\1.19.0\grpc-context-1.19.0.jar;C:\Users\Tsvetan\.m2\repository\io\opencensus\opencensus-contrib-http-util\0.21.0\opencensus-contrib-http-util-0.21.0.jar;C:\Users\Tsvetan\.m2\repository\com\google\api\api-common\1.8.1\api-common-1.8.1.jar;C:\Users\Tsvetan\.m2\repository\javax\annotation\javax.annotation-api\1.3.2\javax.annotation-api-1.3.2.jar;C:\Users\Tsvetan\.m2\repository\com\google\auth\google-auth-library-oauth2-http\0.17.1\google-auth-library-oauth2-http-0.17.1.jar;C:\Users\Tsvetan\.m2\repository\com\google\auto\value\auto-value-annotations\1.6.6\auto-value-annotations-1.6.6.jar;C:\Users\Tsvetan\.m2\repository\com\google\auth\google-auth-library-credentials\0.17.1\google-auth-library-credentials-0.17.1.jar;C:\Users\Tsvetan\.m2\repository\com\google\cloud\google-cloud-storage\1.91.0\google-cloud-storage-1.91.0.jar;C:\Users\Tsvetan\.m2\repository\com\google\cloud\google-cloud-core-http\1.90.0\google-cloud-core-http-1.90.0.jar;C:\Users\Tsvetan\.m2\repository\com\google\cloud\google-cloud-core\1.90.0\google-cloud-core-1.90.0.jar;C:\Users\Tsvetan\.m2\repository\com\google\api\gax\1.48.1\gax-1.48.1.jar;C:\Users\Tsvetan\.m2\repository\com\google\protobuf\protobuf-java-util\3.9.1\protobuf-java-util-3.9.1.jar;C:\Users\Tsvetan\.m2\repository\com\google\errorprone\error_prone_annotations\2.3.2\error_prone_annotations-2.3.2.jar;C:\Users\Tsvetan\.m2\repository\com\google\api\grpc\proto-google-iam-v1\0.12.0\proto-google-iam-v1-0.12.0.jar;C:\Users\Tsvetan\.m2\repository\com\google\http-client\google-http-client-appengine\1.31.0\google-http-client-appengine-1.31.0.jar;C:\Users\Tsvetan\.m2\repository\com\google\api\gax-httpjson\0.65.1\gax-httpjson-0.65.1.jar;C:\Users\Tsvetan\.m2\repository\org\threeten\threetenbp\1.3.3\threetenbp-1.3.3.jar;C:\Users\Tsvetan\.m2\repository\com\google\apis\google-api-services-storage\v1-rev20190624-1.30.1\google-api-services-storage-v1-rev20190624-1.30.1.jar;C:\Users\Tsvetan\.m2\repository\com\google\cloud\google-cloud-firestore\1.21.0\google-cloud-firestore-1.21.0.jar;C:\Users\Tsvetan\.m2\repository\com\google\cloud\google-cloud-core-grpc\1.90.0\google-cloud-core-grpc-1.90.0.jar;C:\Users\Tsvetan\.m2\repository\com\google\api\gax-grpc\1.48.1\gax-grpc-1.48.1.jar;C:\Users\Tsvetan\.m2\repository\io\grpc\grpc-stub\1.23.0\grpc-stub-1.23.0.jar;C:\Users\Tsvetan\.m2\repository\io\grpc\grpc-api\1.23.0\grpc-api-1.23.0.jar;C:\Users\Tsvetan\.m2\repository\io\grpc\grpc-auth\1.23.0\grpc-auth-1.23.0.jar;C:\Users\Tsvetan\.m2\repository\io\grpc\grpc-protobuf\1.23.0\grpc-protobuf-1.23.0.jar;C:\Users\Tsvetan\.m2\repository\io\grpc\grpc-protobuf-lite\1.23.0\grpc-protobuf-lite-1.23.0.jar;C:\Users\Tsvetan\.m2\repository\io\grpc\grpc-netty-shaded\1.23.0\grpc-netty-shaded-1.23.0.jar;C:\Users\Tsvetan\.m2\repository\io\grpc\grpc-core\1.23.0\grpc-core-1.23.0.jar;C:\Users\Tsvetan\.m2\repository\com\google\android\annotations\4.1.1.4\annotations-4.1.1.4.jar;C:\Users\Tsvetan\.m2\repository\io\perfmark\perfmark-api\0.17.0\perfmark-api-0.17.0.jar;C:\Users\Tsvetan\.m2\repository\io\opencensus\opencensus-contrib-grpc-metrics\0.21.0\opencensus-contrib-grpc-metrics-0.21.0.jar;C:\Users\Tsvetan\.m2\repository\io\grpc\grpc-alts\1.23.0\grpc-alts-1.23.0.jar;C:\Users\Tsvetan\.m2\repository\io\grpc\grpc-grpclb\1.23.0\grpc-grpclb-1.23.0.jar;C:\Users\Tsvetan\.m2\repository\org\apache\commons\commons-lang3\3.12.0\commons-lang3-3.12.0.jar;C:\Users\Tsvetan\.m2\repository\com\google\api\grpc\proto-google-cloud-firestore-admin-v1\1.21.0\proto-google-cloud-firestore-admin-v1-1.21.0.jar;C:\Users\Tsvetan\.m2\repository\com\google\protobuf\protobuf-java\3.9.1\protobuf-java-3.9.1.jar;C:\Users\Tsvetan\.m2\repository\com\google\api\grpc\proto-google-common-protos\1.16.0\proto-google-common-protos-1.16.0.jar;C:\Users\Tsvetan\.m2\repository\com\google\api\grpc\proto-google-cloud-firestore-v1\1.21.0\proto-google-cloud-firestore-v1-1.21.0.jar;C:\Users\Tsvetan\.m2\repository\com\google\api\grpc\proto-google-cloud-firestore-v1beta1\0.74.0\proto-google-cloud-firestore-v1beta1-0.74.0.jar;C:\Users\Tsvetan\.m2\repository\io\opencensus\opencensus-contrib-grpc-util\0.23.0\opencensus-contrib-grpc-util-0.23.0.jar;C:\Users\Tsvetan\.m2\repository\com\google\guava\guava\26.0-android\guava-26.0-android.jar;C:\Users\Tsvetan\.m2\repository\org\checkerframework\checker-compat-qual\2.5.2\checker-compat-qual-2.5.2.jar;C:\Users\Tsvetan\.m2\repository\org\codehaus\mojo\animal-sniffer-annotations\1.14\animal-sniffer-annotations-1.14.jar;C:\Users\Tsvetan\.m2\repository\org\slf4j\slf4j-api\1.7.32\slf4j-api-1.7.32.jar;C:\Users\Tsvetan\.m2\repository\io\netty\netty-codec-http\4.1.66.Final\netty-codec-http-4.1.66.Final.jar;C:\Users\Tsvetan\.m2\repository\io\netty\netty-common\4.1.66.Final\netty-common-4.1.66.Final.jar;C:\Users\Tsvetan\.m2\repository\io\netty\netty-buffer\4.1.66.Final\netty-buffer-4.1.66.Final.jar;C:\Users\Tsvetan\.m2\repository\io\netty\netty-codec\4.1.66.Final\netty-codec-4.1.66.Final.jar;C:\Users\Tsvetan\.m2\repository\io\netty\netty-handler\4.1.66.Final\netty-handler-4.1.66.Final.jar;C:\Users\Tsvetan\.m2\repository\io\netty\netty-resolver\4.1.66.Final\netty-resolver-4.1.66.Final.jar;C:\Users\Tsvetan\.m2\repository\io\netty\netty-transport\4.1.66.Final\netty-transport-4.1.66.Final.jar;"/>
    <property name="java.vm.vendor" value="Oracle Corporation"/>
    <property name="sun.arch.data.model" value="64"/>
    <property name="user.variant" value=""/>
    <property name="java.vendor.url" value="https://java.oracle.com/"/>
    <property name="user.timezone" value="Europe/Sofia"/>
    <property name="os.name" value="Windows 10"/>
    <property name="java.vm.specification.version" value="15"/>
    <property name="sun.java.launcher" value="SUN_STANDARD"/>
    <property name="user.country" value="US"/>
    <property name="sun.boot.library.path" value="C:\Program Files\Java\jdk-15.0.2\bin"/>
    <property name="sun.java.command" value="C:\Users\Tsvetan\AppData\Local\Temp\surefire11335254735856599106\surefirebooter17134738877320075655.jar C:\Users\Tsvetan\AppData\Local\Temp\surefire11335254735856599106 2021-08-05T16-05-02_235-jvmRun1 surefire18428933833090162332tmp surefire_017250504216518540877tmp"/>
    <property name="jdk.debug" value="release"/>
    <property name="surefire.test.class.path" value="C:\Users\Tsvetan\Documents\GitHub\ProjectDefence\target\test-classes;C:\Users\Tsvetan\Documents\GitHub\ProjectDefence\target\classes;C:\Users\Tsvetan\.m2\repository\org\springframework\boot\spring-boot-starter\2.5.3\spring-boot-starter-2.5.3.jar;C:\Users\Tsvetan\.m2\repository\org\springframework\boot\spring-boot\2.5.3\spring-boot-2.5.3.jar;C:\Users\Tsvetan\.m2\repository\org\springframework\spring-context\5.3.9\spring-context-5.3.9.jar;C:\Users\Tsvetan\.m2\repository\org\springframework\boot\spring-boot-autoconfigure\2.5.3\spring-boot-autoconfigure-2.5.3.jar;C:\Users\Tsvetan\.m2\repository\org\springframework\boot\spring-boot-starter-logging\2.5.3\spring-boot-starter-logging-2.5.3.jar;C:\Users\Tsvetan\.m2\repository\ch\qos\logback\logback-classic\1.2.4\logback-classic-1.2.4.jar;C:\Users\Tsvetan\.m2\repository\ch\qos\logback\logback-core\1.2.4\logback-core-1.2.4.jar;C:\Users\Tsvetan\.m2\repository\org\apache\logging\log4j\log4j-to-slf4j\2.14.1\log4j-to-slf4j-2.14.1.jar;C:\Users\Tsvetan\.m2\repository\org\apache\logging\log4j\log4j-api\2.14.1\log4j-api-2.14.1.jar;C:\Users\Tsvetan\.m2\repository\org\slf4j\jul-to-slf4j\1.7.32\jul-to-slf4j-1.7.32.jar;C:\Users\Tsvetan\.m2\repository\jakarta\annotation\jakarta.annotation-api\1.3.5\jakarta.annotation-api-1.3.5.jar;C:\Users\Tsvetan\.m2\repository\org\springframework\spring-core\5.3.9\spring-core-5.3.9.jar;C:\Users\Tsvetan\.m2\repository\org\springframework\spring-jcl\5.3.9\spring-jcl-5.3.9.jar;C:\Users\Tsvetan\.m2\repository\org\yaml\snakeyaml\1.28\snakeyaml-1.28.jar;C:\Users\Tsvetan\.m2\repository\org\springframework\boot\spring-boot-starter-web\2.5.3\spring-boot-starter-web-2.5.3.jar;C:\Users\Tsvetan\.m2\repository\org\springframework\boot\spring-boot-starter-json\2.5.3\spring-boot-starter-json-2.5.3.jar;C:\Users\Tsvetan\.m2\repository\com\fasterxml\jackson\core\jackson-databind\2.12.4\jackson-databind-2.12.4.jar;C:\Users\Tsvetan\.m2\repository\com\fasterxml\jackson\core\jackson-annotations\2.12.4\jackson-annotations-2.12.4.jar;C:\Users\Tsvetan\.m2\repository\com\fasterxml\jackson\core\jackson-core\2.12.4\jackson-core-2.12.4.jar;C:\Users\Tsvetan\.m2\repository\com\fasterxml\jackson\datatype\jackson-datatype-jdk8\2.12.4\jackson-datatype-jdk8-2.12.4.jar;C:\Users\Tsvetan\.m2\repository\com\fasterxml\jackson\datatype\jackson-datatype-jsr310\2.12.4\jackson-datatype-jsr310-2.12.4.jar;C:\Users\Tsvetan\.m2\repository\com\fasterxml\jackson\module\jackson-module-parameter-names\2.12.4\jackson-module-parameter-names-2.12.4.jar;C:\Users\Tsvetan\.m2\repository\org\springframework\boot\spring-boot-starter-tomcat\2.5.3\spring-boot-starter-tomcat-2.5.3.jar;C:\Users\Tsvetan\.m2\repository\org\apache\tomcat\embed\tomcat-embed-core\9.0.50\tomcat-embed-core-9.0.50.jar;C:\Users\Tsvetan\.m2\repository\org\apache\tomcat\embed\tomcat-embed-el\9.0.50\tomcat-embed-el-9.0.50.jar;C:\Users\Tsvetan\.m2\repository\org\apache\tomcat\embed\tomcat-embed-websocket\9.0.50\tomcat-embed-websocket-9.0.50.jar;C:\Users\Tsvetan\.m2\repository\org\springframework\spring-web\5.3.9\spring-web-5.3.9.jar;C:\Users\Tsvetan\.m2\repository\org\springframework\spring-beans\5.3.9\spring-beans-5.3.9.jar;C:\Users\Tsvetan\.m2\repository\org\springframework\spring-webmvc\5.3.9\spring-webmvc-5.3.9.jar;C:\Users\Tsvetan\.m2\repository\org\springframework\spring-aop\5.3.9\spring-aop-5.3.9.jar;C:\Users\Tsvetan\.m2\repository\org\springframework\spring-expression\5.3.9\spring-expression-5.3.9.jar;C:\Users\Tsvetan\.m2\repository\org\springframework\boot\spring-boot-starter-test\2.5.3\spring-boot-starter-test-2.5.3.jar;C:\Users\Tsvetan\.m2\repository\org\springframework\boot\spring-boot-test\2.5.3\spring-boot-test-2.5.3.jar;C:\Users\Tsvetan\.m2\repository\org\springframework\boot\spring-boot-test-autoconfigure\2.5.3\spring-boot-test-autoconfigure-2.5.3.jar;C:\Users\Tsvetan\.m2\repository\com\jayway\jsonpath\json-path\2.5.0\json-path-2.5.0.jar;C:\Users\Tsvetan\.m2\repository\net\minidev\json-smart\2.4.7\json-smart-2.4.7.jar;C:\Users\Tsvetan\.m2\repository\net\minidev\accessors-smart\2.4.7\accessors-smart-2.4.7.jar;C:\Users\Tsvetan\.m2\repository\org\ow2\asm\asm\9.1\asm-9.1.jar;C:\Users\Tsvetan\.m2\repository\jakarta\xml\bind\jakarta.xml.bind-api\2.3.3\jakarta.xml.bind-api-2.3.3.jar;C:\Users\Tsvetan\.m2\repository\jakarta\activation\jakarta.activation-api\1.2.2\jakarta.activation-api-1.2.2.jar;C:\Users\Tsvetan\.m2\repository\org\assertj\assertj-core\3.19.0\assertj-core-3.19.0.jar;C:\Users\Tsvetan\.m2\repository\org\hamcrest\hamcrest\2.2\hamcrest-2.2.jar;C:\Users\Tsvetan\.m2\repository\org\junit\jupiter\junit-jupiter\5.7.2\junit-jupiter-5.7.2.jar;C:\Users\Tsvetan\.m2\repository\org\junit\jupiter\junit-jupiter-api\5.7.2\junit-jupiter-api-5.7.2.jar;C:\Users\Tsvetan\.m2\repository\org\apiguardian\apiguardian-api\1.1.0\apiguardian-api-1.1.0.jar;C:\Users\Tsvetan\.m2\repository\org\opentest4j\opentest4j\1.2.0\opentest4j-1.2.0.jar;C:\Users\Tsvetan\.m2\repository\org\junit\platform\junit-platform-commons\1.7.2\junit-platform-commons-1.7.2.jar;C:\Users\Tsvetan\.m2\repository\org\junit\jupiter\junit-jupiter-params\5.7.2\junit-jupiter-params-5.7.2.jar;C:\Users\Tsvetan\.m2\repository\org\junit\jupiter\junit-jupiter-engine\5.7.2\junit-jupiter-engine-5.7.2.jar;C:\Users\Tsvetan\.m2\repository\org\junit\platform\junit-platform-engine\1.7.2\junit-platform-engine-1.7.2.jar;C:\Users\Tsvetan\.m2\repository\org\mockito\mockito-core\3.9.0\mockito-core-3.9.0.jar;C:\Users\Tsvetan\.m2\repository\net\bytebuddy\byte-buddy\1.10.22\byte-buddy-1.10.22.jar;C:\Users\Tsvetan\.m2\repository\net\bytebuddy\byte-buddy-agent\1.10.22\byte-buddy-agent-1.10.22.jar;C:\Users\Tsvetan\.m2\repository\org\objenesis\objenesis\3.2\objenesis-3.2.jar;C:\Users\Tsvetan\.m2\repository\org\mockito\mockito-junit-jupiter\3.9.0\mockito-junit-jupiter-3.9.0.jar;C:\Users\Tsvetan\.m2\repository\org\skyscreamer\jsonassert\1.5.0\jsonassert-1.5.0.jar;C:\Users\Tsvetan\.m2\repository\com\vaadin\external\google\android-json\0.0.20131108.vaadin1\android-json-0.0.20131108.vaadin1.jar;C:\Users\Tsvetan\.m2\repository\org\springframework\spring-test\5.3.9\spring-test-5.3.9.jar;C:\Users\Tsvetan\.m2\repository\org\xmlunit\xmlunit-core\2.8.2\xmlunit-core-2.8.2.jar;C:\Users\Tsvetan\.m2\repository\javax\persistence\javax.persistence-api\2.2\javax.persistence-api-2.2.jar;C:\Users\Tsvetan\.m2\repository\com\azure\azure-storage-file-share\12.8.0\azure-storage-file-share-12.8.0.jar;C:\Users\Tsvetan\.m2\repository\com\azure\azure-storage-common\12.10.0\azure-storage-common-12.10.0.jar;C:\Users\Tsvetan\.m2\repository\com\azure\azure-core\1.12.0\azure-core-1.12.0.jar;C:\Users\Tsvetan\.m2\repository\com\fasterxml\jackson\dataformat\jackson-dataformat-xml\2.12.4\jackson-dataformat-xml-2.12.4.jar;C:\Users\Tsvetan\.m2\repository\com\fasterxml\jackson\module\jackson-module-jaxb-annotations\2.12.4\jackson-module-jaxb-annotations-2.12.4.jar;C:\Users\Tsvetan\.m2\repository\org\codehaus\woodstox\stax2-api\4.2.1\stax2-api-4.2.1.jar;C:\Users\Tsvetan\.m2\repository\com\fasterxml\woodstox\woodstox-core\6.2.4\woodstox-core-6.2.4.jar;C:\Users\Tsvetan\.m2\repository\io\netty\netty-tcnative-boringssl-static\2.0.40.Final\netty-tcnative-boringssl-static-2.0.40.Final.jar;C:\Users\Tsvetan\.m2\repository\com\azure\azure-core-http-netty\1.7.1\azure-core-http-netty-1.7.1.jar;C:\Users\Tsvetan\.m2\repository\io\netty\netty-handler-proxy\4.1.66.Final\netty-handler-proxy-4.1.66.Final.jar;C:\Users\Tsvetan\.m2\repository\io\netty\netty-codec-socks\4.1.66.Final\netty-codec-socks-4.1.66.Final.jar;C:\Users\Tsvetan\.m2\repository\io\netty\netty-codec-http2\4.1.66.Final\netty-codec-http2-4.1.66.Final.jar;C:\Users\Tsvetan\.m2\repository\io\netty\netty-transport-native-unix-common\4.1.66.Final\netty-transport-native-unix-common-4.1.66.Final.jar;C:\Users\Tsvetan\.m2\repository\io\netty\netty-transport-native-epoll\4.1.66.Final\netty-transport-native-epoll-4.1.66.Final-linux-x86_64.jar;C:\Users\Tsvetan\.m2\repository\io\netty\netty-transport-native-kqueue\4.1.66.Final\netty-transport-native-kqueue-4.1.66.Final-osx-x86_64.jar;C:\Users\Tsvetan\.m2\repository\io\projectreactor\netty\reactor-netty\1.0.9\reactor-netty-1.0.9.jar;C:\Users\Tsvetan\.m2\repository\io\projectreactor\netty\reactor-netty-core\1.0.9\reactor-netty-core-1.0.9.jar;C:\Users\Tsvetan\.m2\repository\io\netty\netty-resolver-dns\4.1.66.Final\netty-resolver-dns-4.1.66.Final.jar;C:\Users\Tsvetan\.m2\repository\io\netty\netty-codec-dns\4.1.66.Final\netty-codec-dns-4.1.66.Final.jar;C:\Users\Tsvetan\.m2\repository\io\netty\netty-resolver-dns-native-macos\4.1.66.Final\netty-resolver-dns-native-macos-4.1.66.Final-osx-x86_64.jar;C:\Users\Tsvetan\.m2\repository\io\projectreactor\netty\reactor-netty-http\1.0.9\reactor-netty-http-1.0.9.jar;C:\Users\Tsvetan\.m2\repository\io\projectreactor\netty\reactor-netty-http-brave\1.0.9\reactor-netty-http-brave-1.0.9.jar;C:\Users\Tsvetan\.m2\repository\io\zipkin\brave\brave-instrumentation-http\5.13.3\brave-instrumentation-http-5.13.3.jar;C:\Users\Tsvetan\.m2\repository\io\zipkin\brave\brave\5.13.3\brave-5.13.3.jar;C:\Users\Tsvetan\.m2\repository\io\zipkin\reporter2\zipkin-reporter-brave\2.16.3\zipkin-reporter-brave-2.16.3.jar;C:\Users\Tsvetan\.m2\repository\io\zipkin\reporter2\zipkin-reporter\2.16.3\zipkin-reporter-2.16.3.jar;C:\Users\Tsvetan\.m2\repository\io\zipkin\zipkin2\zipkin\2.23.2\zipkin-2.23.2.jar;C:\Users\Tsvetan\.m2\repository\io\projectreactor\reactor-core\3.3.14.RELEASE\reactor-core-3.3.14.RELEASE.jar;C:\Users\Tsvetan\.m2\repository\org\reactivestreams\reactive-streams\1.0.3\reactive-streams-1.0.3.jar;C:\Users\Tsvetan\.m2\repository\com\google\firebase\firebase-admin\6.11.0\firebase-admin-6.11.0.jar;C:\Users\Tsvetan\.m2\repository\com\google\api-client\google-api-client\1.30.1\google-api-client-1.30.1.jar;C:\Users\Tsvetan\.m2\repository\com\google\oauth-client\google-oauth-client\1.30.1\google-oauth-client-1.30.1.jar;C:\Users\Tsvetan\.m2\repository\com\google\http-client\google-http-client-jackson2\1.30.1\google-http-client-jackson2-1.30.1.jar;C:\Users\Tsvetan\.m2\repository\com\google\api-client\google-api-client-gson\1.30.1\google-api-client-gson-1.30.1.jar;C:\Users\Tsvetan\.m2\repository\com\google\http-client\google-http-client-gson\1.30.1\google-http-client-gson-1.30.1.jar;C:\Users\Tsvetan\.m2\repository\com\google\code\gson\gson\2.8.7\gson-2.8.7.jar;C:\Users\Tsvetan\.m2\repository\com\google\http-client\google-http-client\1.30.1\google-http-client-1.30.1.jar;C:\Users\Tsvetan\.m2\repository\org\apache\httpcomponents\httpclient\4.5.13\httpclient-4.5.13.jar;C:\Users\Tsvetan\.m2\repository\org\apache\httpcomponents\httpcore\4.4.14\httpcore-4.4.14.jar;C:\Users\Tsvetan\.m2\repository\commons-codec\commons-codec\1.15\commons-codec-1.15.jar;C:\Users\Tsvetan\.m2\repository\com\google\code\findbugs\jsr305\3.0.2\jsr305-3.0.2.jar;C:\Users\Tsvetan\.m2\repository\com\google\j2objc\j2objc-annotations\1.3\j2objc-annotations-1.3.jar;C:\Users\Tsvetan\.m2\repository\io\opencensus\opencensus-api\0.21.0\opencensus-api-0.21.0.jar;C:\Users\Tsvetan\.m2\repository\io\grpc\grpc-context\1.19.0\grpc-context-1.19.0.jar;C:\Users\Tsvetan\.m2\repository\io\opencensus\opencensus-contrib-http-util\0.21.0\opencensus-contrib-http-util-0.21.0.jar;C:\Users\Tsvetan\.m2\repository\com\google\api\api-common\1.8.1\api-common-1.8.1.jar;C:\Users\Tsvetan\.m2\repository\javax\annotation\javax.annotation-api\1.3.2\javax.annotation-api-1.3.2.jar;C:\Users\Tsvetan\.m2\repository\com\google\auth\google-auth-library-oauth2-http\0.17.1\google-auth-library-oauth2-http-0.17.1.jar;C:\Users\Tsvetan\.m2\repository\com\google\auto\value\auto-value-annotations\1.6.6\auto-value-annotations-1.6.6.jar;C:\Users\Tsvetan\.m2\repository\com\google\auth\google-auth-library-credentials\0.17.1\google-auth-library-credentials-0.17.1.jar;C:\Users\Tsvetan\.m2\repository\com\google\cloud\google-cloud-storage\1.91.0\google-cloud-storage-1.91.0.jar;C:\Users\Tsvetan\.m2\repository\com\google\cloud\google-cloud-core-http\1.90.0\google-cloud-core-http-1.90.0.jar;C:\Users\Tsvetan\.m2\repository\com\google\cloud\google-cloud-core\1.90.0\google-cloud-core-1.90.0.jar;C:\Users\Tsvetan\.m2\repository\com\google\api\gax\1.48.1\gax-1.48.1.jar;C:\Users\Tsvetan\.m2\repository\com\google\protobuf\protobuf-java-util\3.9.1\protobuf-java-util-3.9.1.jar;C:\Users\Tsvetan\.m2\repository\com\google\errorprone\error_prone_annotations\2.3.2\error_prone_annotations-2.3.2.jar;C:\Users\Tsvetan\.m2\repository\com\google\api\grpc\proto-google-iam-v1\0.12.0\proto-google-iam-v1-0.12.0.jar;C:\Users\Tsvetan\.m2\repository\com\google\http-client\google-http-client-appengine\1.31.0\google-http-client-appengine-1.31.0.jar;C:\Users\Tsvetan\.m2\repository\com\google\api\gax-httpjson\0.65.1\gax-httpjson-0.65.1.jar;C:\Users\Tsvetan\.m2\repository\org\threeten\threetenbp\1.3.3\threetenbp-1.3.3.jar;C:\Users\Tsvetan\.m2\repository\com\google\apis\google-api-services-storage\v1-rev20190624-1.30.1\google-api-services-storage-v1-rev20190624-1.30.1.jar;C:\Users\Tsvetan\.m2\repository\com\google\cloud\google-cloud-firestore\1.21.0\google-cloud-firestore-1.21.0.jar;C:\Users\Tsvetan\.m2\repository\com\google\cloud\google-cloud-core-grpc\1.90.0\google-cloud-core-grpc-1.90.0.jar;C:\Users\Tsvetan\.m2\repository\com\google\api\gax-grpc\1.48.1\gax-grpc-1.48.1.jar;C:\Users\Tsvetan\.m2\repository\io\grpc\grpc-stub\1.23.0\grpc-stub-1.23.0.jar;C:\Users\Tsvetan\.m2\repository\io\grpc\grpc-api\1.23.0\grpc-api-1.23.0.jar;C:\Users\Tsvetan\.m2\repository\io\grpc\grpc-auth\1.23.0\grpc-auth-1.23.0.jar;C:\Users\Tsvetan\.m2\repository\io\grpc\grpc-protobuf\1.23.0\grpc-protobuf-1.23.0.jar;C:\Users\Tsvetan\.m2\repository\io\grpc\grpc-protobuf-lite\1.23.0\grpc-protobuf-lite-1.23.0.jar;C:\Users\Tsvetan\.m2\repository\io\grpc\grpc-netty-shaded\1.23.0\grpc-netty-shaded-1.23.0.jar;C:\Users\Tsvetan\.m2\repository\io\grpc\grpc-core\1.23.0\grpc-core-1.23.0.jar;C:\Users\Tsvetan\.m2\repository\com\google\android\annotations\4.1.1.4\annotations-4.1.1.4.jar;C:\Users\Tsvetan\.m2\repository\io\perfmark\perfmark-api\0.17.0\perfmark-api-0.17.0.jar;C:\Users\Tsvetan\.m2\repository\io\opencensus\opencensus-contrib-grpc-metrics\0.21.0\opencensus-contrib-grpc-metrics-0.21.0.jar;C:\Users\Tsvetan\.m2\repository\io\grpc\grpc-alts\1.23.0\grpc-alts-1.23.0.jar;C:\Users\Tsvetan\.m2\repository\io\grpc\grpc-grpclb\1.23.0\grpc-grpclb-1.23.0.jar;C:\Users\Tsvetan\.m2\repository\org\apache\commons\commons-lang3\3.12.0\commons-lang3-3.12.0.jar;C:\Users\Tsvetan\.m2\repository\com\google\api\grpc\proto-google-cloud-firestore-admin-v1\1.21.0\proto-google-cloud-firestore-admin-v1-1.21.0.jar;C:\Users\Tsvetan\.m2\repository\com\google\protobuf\protobuf-java\3.9.1\protobuf-java-3.9.1.jar;C:\Users\Tsvetan\.m2\repository\com\google\api\grpc\proto-google-common-protos\1.16.0\proto-google-common-protos-1.16.0.jar;C:\Users\Tsvetan\.m2\repository\com\google\api\grpc\proto-google-cloud-firestore-v1\1.21.0\proto-google-cloud-firestore-v1-1.21.0.jar;C:\Users\Tsvetan\.m2\repository\com\google\api\grpc\proto-google-cloud-firestore-v1beta1\0.74.0\proto-google-cloud-firestore-v1beta1-0.74.0.jar;C:\Users\Tsvetan\.m2\repository\io\opencensus\opencensus-contrib-grpc-util\0.23.0\opencensus-contrib-grpc-util-0.23.0.jar;C:\Users\Tsvetan\.m2\repository\com\google\guava\guava\26.0-android\guava-26.0-android.jar;C:\Users\Tsvetan\.m2\repository\org\checkerframework\checker-compat-qual\2.5.2\checker-compat-qual-2.5.2.jar;C:\Users\Tsvetan\.m2\repository\org\codehaus\mojo\animal-sniffer-annotations\1.14\animal-sniffer-annotations-1.14.jar;C:\Users\Tsvetan\.m2\repository\org\slf4j\slf4j-api\1.7.32\slf4j-api-1.7.32.jar;C:\Users\Tsvetan\.m2\repository\io\netty\netty-codec-http\4.1.66.Final\netty-codec-http-4.1.66.Final.jar;C:\Users\Tsvetan\.m2\repository\io\netty\netty-common\4.1.66.Final\netty-common-4.1.66.Final.jar;C:\Users\Tsvetan\.m2\repository\io\netty\netty-buffer\4.1.66.Final\netty-buffer-4.1.66.Final.jar;C:\Users\Tsvetan\.m2\repository\io\netty\netty-codec\4.1.66.Final\netty-codec-4.1.66.Final.jar;C:\Users\Tsvetan\.m2\repository\io\netty\netty-handler\4.1.66.Final\netty-handler-4.1.66.Final.jar;C:\Users\Tsvetan\.m2\repository\io\netty\netty-resolver\4.1.66.Final\netty-resolver-4.1.66.Final.jar;C:\Users\Tsvetan\.m2\repository\io\netty\netty-transport\4.1.66.Final\netty-transport-4.1.66.Final.jar;"/>
    <property name="sun.cpu.endian" value="little"/>
    <property name="user.home" value="C:\Users\Tsvetan"/>
    <property name="user.language" value="en"/>
    <property name="java.specification.vendor" value="Oracle Corporation"/>
    <property name="java.version.date" value="2021-01-19"/>
    <property name="java.home" value="C:\Program Files\Java\jdk-15.0.2"/>
    <property name="file.separator" value="\"/>
    <property name="basedir" value="C:\Users\Tsvetan\Documents\GitHub\ProjectDefence"/>
    <property name="java.vm.compressedOopsMode" value="Zero based"/>
    <property name="line.separator" value="&#10;"/>
    <property name="java.vm.specification.vendor" value="Oracle Corporation"/>
    <property name="java.specification.name" value="Java Platform API Specification"/>
    <property name="surefire.real.class.path" value="C:\Users\Tsvetan\AppData\Local\Temp\surefire11335254735856599106\surefirebooter17134738877320075655.jar"/>
    <property name="user.script" value=""/>
    <property name="sun.management.compiler" value="HotSpot 64-Bit Tiered Compilers"/>
    <property name="java.runtime.version" value="15.0.2+7-27"/>
    <property name="user.name" value="Tsvetan"/>
    <property name="path.separator" value=";"/>
    <property name="os.version" value="10.0"/>
    <property name="java.runtime.name" value="Java(TM) SE Runtime Environment"/>
    <property name="file.encoding" value="Cp1252"/>
    <property name="java.vm.name" value="Java HotSpot(TM) 64-Bit Server VM"/>
    <property name="localRepository" value="C:\Users\Tsvetan\.m2\repository"/>
    <property name="java.vendor.url.bug" value="https://bugreport.java.com/bugreport/"/>
    <property name="java.io.tmpdir" value="C:\Users\Tsvetan\AppData\Local\Temp\"/>
    <property name="java.version" value="15.0.2"/>
    <property name="user.dir" value="C:\Users\Tsvetan\Documents\GitHub\ProjectDefence"/>
    <property name="os.arch" value="amd64"/>
    <property name="java.vm.specification.name" value="Java Virtual Machine Specification"/>
    <property name="sun.os.patch.level" value=""/>
    <property name="java.library.path" value="C:\Program Files\Java\jdk-15.0.2\bin;C:\Windows\Sun\Java\bin;C:\Windows\system32;C:\Windows;C:\Python39\Scripts\;C:\Python39\;C:\Program Files (x86)\OpenJDK\jdk-8.0.262.10-hotspot\bin;C:\Program Files (x86)\Common Files\Oracle\Java\javapath;C:\Program Files (x86)\Microsoft SDKs\Azure\CLI2\wbin;C:\ProgramData\Oracle\Java\javapath;C:\Program Files\Common Files\Oracle\Java\javapath;C:\Program Files (x86)\Intel\iCLS Client\;C:\Program Files\Intel\iCLS Client\;C:\Windows\system32;C:\Windows;C:\Windows\System32\Wbem;C:\Windows\System32\WindowsPowerShell\v1.0\;C:\Windows\System32\OpenSSH\;C:\Program Files (x86)\Intel\Intel(R) Management Engine Components\DAL;C:\Program Files\Intel\Intel(R) Management Engine Components\DAL;C:\Program Files (x86)\Intel\Intel(R) Management Engine Components\IPT;C:\Program Files\Intel\Intel(R) Management Engine Components\IPT;C:\Program Files\Microsoft VS Code\bin;C:\Program Files\NVIDIA Corporation\NVIDIA NvDLISR;C:\Program Files (x86)\NVIDIA Corporation\PhysX\Common;C:\Program Files\dotnet\;C:\Program Files\Git\cmd;C:\Program Files\nodejs\;C:\ProgramData\chocolatey\bin;C:\Program Files\apache-maven-3.6.3\bin;C:\Users\Tsvetan\AppData\Local\GitHubDesktop\bin;C:\Users\Tsvetan\AppData\Local\Programs\Microsoft VS Code\bin;C:\Users\Tsvetan\.dotnet\tools;C:\Users\Tsvetan\AppData\Local\atom\bin;C:\Users\Tsvetan\AppData\Roaming\npm;C:\Users\Tsvetan\AppData\Local\Programs\mongosh\;."/>
    <property name="java.vm.info" value="mixed mode, sharing"/>
    <property name="java.vendor" value="Oracle Corporation"/>
    <property name="java.vm.version" value="15.0.2+7-27"/>
    <property name="sun.io.unicode.encoding" value="UnicodeLittle"/>
    <property name="java.class.version" value="59.0"/>
  </properties>
  <testcase name="contextLoads" classname="com.pdefence.ProjectDefenceApplicationTests" time="0.805"/>
</testsuite>